[2023-09-15 15:02:20] Paul: Hi everyone
[2023-09-15 15:03:04] Paul: Hi, John
[2023-09-15 15:03:15] Paul: h a u?
[2023-09-15 15:03:34] John: Hello, my friend)
[2023-09-15 15:03:47] John: fine
[2023-09-15 15:03:50] John: thx
[2023-09-15 15:04:00] John: and u?
[2023-09-15 15:04:13] Paul: brilliant!
[2023-09-15 15:04:26] John: niiiice)
[2023-09-15 15:04:45] Paul: yeah!!! but i gotto go
[2023-09-15 15:05:04] John: see u Paul)
[2023-09-15 15:05:18] Paul: bye!
[2023-09-15 15:05:51] mr.X: test
[2023-09-15 15:05:55] mr.X: testtest
[2023-09-15 15:10:04] user1: hello ppl
[2023-09-15 15:10:23] user3: привет
[2023-09-15 15:11:00] user1: where is user2?
[2023-09-15 15:11:11] user3: хммм...
[2023-09-15 15:11:29] user3: бррр
[2023-09-15 15:12:23] user3: я вернулся)
[2023-09-15 15:35:13] Гамма: 123
[2023-09-15 15:35:17] Омега: 234
[2023-09-15 15:35:20] Омега: 567
[2023-09-15 15:35:24] Гамма: 098
[2023-09-15 15:35:31] Омега: 12345678
[2023-09-15 15:35:41] Гамма: exit
[2023-09-15 16:06:00] Эван: Эван
[2023-09-15 16:07:39] Алеша: тестович
[2023-09-15 17:48:21] Vova: test1
[2023-09-15 17:48:27] Vova: test2
[2023-09-15 17:48:31] Vova: test3
[2023-09-15 18:47:03] Ann: Hello
[2023-09-17 15:02:54] Test: hello chat
