[2023-09-15 15:02:10] Paul подключен
[2023-09-15 15:02:20] Paul: Hi everyone
[2023-09-15 15:02:48] John подключен
[2023-09-15 15:03:04] Paul: Hi, John
[2023-09-15 15:03:15] Paul: h a u?
[2023-09-15 15:03:34] John: Hello, my friend)
[2023-09-15 15:03:47] John: fine
[2023-09-15 15:03:50] John: thx
[2023-09-15 15:04:00] John: and u?
[2023-09-15 15:04:13] Paul: brilliant!
[2023-09-15 15:04:26] John: niiiice)
[2023-09-15 15:04:45] Paul: yeah!!! but i gotto go
[2023-09-15 15:05:04] John: see u Paul)
[2023-09-15 15:05:18] Paul: bye!
[2023-09-15 15:05:20] Paul отключен
[2023-09-15 15:05:28] John отключен
[2023-09-15 15:05:43] mr.X подключен
[2023-09-15 15:05:51] mr.X: test
[2023-09-15 15:05:55] mr.X: testtest
[2023-09-15 15:09:15] user1 подключен
[2023-09-15 15:09:22] user2 подключен
[2023-09-15 15:09:44] user3 подключен
[2023-09-15 15:10:04] user1: hello ppl
[2023-09-15 15:10:23] user3: привет
[2023-09-15 15:10:35] user2 отключен
[2023-09-15 15:11:00] user1: where is user2?
[2023-09-15 15:11:11] user3: хммм...
[2023-09-15 15:11:29] user3: бррр
[2023-09-15 15:11:50] user3 отключен
[2023-09-15 15:11:55] user1 отключен
[2023-09-15 15:12:06] user3 подключен
[2023-09-15 15:12:23] user3: я вернулся)
[2023-09-15 15:15:31] USER подключен
[2023-09-15 15:15:41] TEST!
[2023-09-15 15:15:52] TSEEST1
[2023-09-15 15:16:21] USER2 подключен
[2023-09-15 15:16:35] HI</, USER2
[2023-09-15 15:16:46] HI, first)
[2023-09-15 15:16:58] USER отключен
[2023-09-15 15:17:15] USER2 отключен
[2023-09-15 15:33:22] Альфа подключен
[2023-09-15 15:34:11] Альфа отключен
[2023-09-15 15:35:02] Омега подключен
[2023-09-15 15:35:08] Гамма подключен
[2023-09-15 15:35:13] Гамма: 123
[2023-09-15 15:35:17] Омега: 234
[2023-09-15 15:35:20] Омега: 567
[2023-09-15 15:35:24] Гамма: 098
[2023-09-15 15:35:31] Омега: 12345678
[2023-09-15 15:35:41] Гамма: exit
[2023-09-15 15:35:47] Омега отключен
[2023-09-15 15:35:51] Гамма отключен
[2023-09-15 15:35:57] boy подключен
[2023-09-15 16:05:43] Эван подключен
[2023-09-15 16:07:24] Алеша подключен
[2023-09-15 16:07:39] Алеша: тестович
[2023-09-15 16:07:44] Алеша отключен
[2023-09-15 17:48:14] Vova подключен
[2023-09-15 17:48:21] Vova: test1
[2023-09-15 17:48:27] Vova: test2
[2023-09-15 17:48:31] Vova: test3
[2023-09-15 17:48:35] Vova отключен
[2023-09-15 18:01:51] TestClient подключен
[2023-09-15 18:03:16] TestClient подключен
[2023-09-15 18:03:16] TestClient отключен
[2023-09-15 18:11:22] TestClient подключен
[2023-09-15 18:11:22] TestClient отключен
[2023-09-15 18:12:12] TestClient подключен
[2023-09-15 18:12:12] TestClient отключен
[2023-09-15 18:13:01] TestClient подключен
[2023-09-15 18:13:01] TestClient отключен
[2023-09-15 18:13:45] TestClient подключен
[2023-09-15 18:13:45] TestClient отключен
[2023-09-15 18:15:25] TestClient подключен
[2023-09-15 18:15:25] TestClient отключен
[2023-09-15 18:15:38] TestClient подключен
[2023-09-15 18:15:38] TestClient отключен
[2023-09-15 18:17:39] TestClient подключен
[2023-09-15 18:17:39] TestClient отключен
[2023-09-15 18:18:06] TestClient подключен
[2023-09-15 18:18:06] TestClient отключен
[2023-09-15 18:18:28] TestClient подключен
[2023-09-15 18:18:28] TestClient отключен
[2023-09-15 18:18:43] TestClient подключен
[2023-09-15 18:18:43] TestClient отключен
[2023-09-15 18:19:03] TestClient подключен
[2023-09-15 18:19:03] TestClient отключен
[2023-09-15 18:19:13] TestClient подключен
[2023-09-15 18:19:13] TestClient отключен
[2023-09-15 18:20:16] MAsha подключен
[2023-09-15 18:20:22] MAsha отключен
[2023-09-15 18:23:40] Client1 подключен
[2023-09-15 18:23:40] Client2 подключен
[2023-09-15 18:23:40] Hello, World!
[2023-09-15 18:25:22] Client2 подключен
[2023-09-15 18:25:22] Client1 подключен
[2023-09-15 18:25:22] Hello, World!
[2023-09-15 18:43:40] Client1 подключен
[2023-09-15 18:43:40] Client2 подключен
[2023-09-15 18:43:40] Hello, World!
[2023-09-15 18:43:49] Client2 подключен
[2023-09-15 18:43:49] Client1 подключен
[2023-09-15 18:43:49] Hello, World!
[2023-09-15 18:45:08] Client2 подключен
[2023-09-15 18:45:08] Client1 подключен
[2023-09-15 18:45:09] Hello, World!
[2023-09-15 18:46:14] Client2 подключен
[2023-09-15 18:46:14] Client1 подключен
[2023-09-15 18:46:15] Hello, World!
[2023-09-15 18:46:49] Ann подключен
[2023-09-15 18:47:03] Ann: Hello
[2023-09-15 18:47:48] TestClient подключен
[2023-09-15 18:47:48] TestClient отключен
[2023-09-15 18:48:06] TestClient подключен
[2023-09-15 18:48:31] TestClient подключен
[2023-09-15 18:48:31] TestClient отключен
[2023-09-15 18:48:46] Client2 подключен
[2023-09-15 18:48:46] Client1 подключен
[2023-09-15 18:48:47] Hello, World!
[2023-09-15 18:49:27] Client2 подключен
[2023-09-15 18:49:27] Client1 подключен
[2023-09-15 18:49:28] Hello, World!
[2023-09-15 18:51:09] Client2 подключен
[2023-09-15 18:51:09] Client1 подключен
[2023-09-15 18:51:10] Hello, World!
[2023-09-15 18:51:36] Client1 подключен
[2023-09-15 18:51:36] Client2 подключен
[2023-09-15 18:51:37] Hello, World!
[2023-09-15 18:51:38] Client1 отключен
[2023-09-15 18:51:38] Client2 отключен
[2023-09-15 18:52:02] Client1 подключен
[2023-09-15 18:52:02] Client2 подключен
[2023-09-15 18:52:02] Hello, World!
[2023-09-15 18:52:02] Client2 отключен
[2023-09-15 18:52:02] Client1 отключен
[2023-09-15 18:52:14] Client1 подключен
[2023-09-15 18:52:14] Client2 подключен
[2023-09-15 18:52:14] Hello, World!
[2023-09-15 18:52:14] Client2 отключен
[2023-09-15 18:52:14] Client1 отключен
[2023-09-15 18:52:40] TestClient подключен
[2023-09-15 18:52:40] TestClient отключен
[2023-09-15 18:52:54] TestClient подключен
[2023-09-15 18:52:54] TestClient отключен
[2023-09-15 18:53:07] Client1 подключен
[2023-09-15 18:53:07] Client2 подключен
[2023-09-15 18:53:07] Hello, World!
[2023-09-15 18:53:07] Client1 отключен
[2023-09-15 18:53:07] Client2 отключен
[2023-09-15 18:53:45] Client1 подключен
[2023-09-15 18:53:45] Client2 подключен
[2023-09-15 18:53:45] Hello, World!
[2023-09-15 18:54:43] Client2 подключен
[2023-09-15 18:54:43] Client1 подключен
[2023-09-15 18:54:43] Hello, World!
[2023-09-15 18:54:43] Client2 подключен
[2023-09-15 18:54:56] Client1 подключен
[2023-09-15 18:54:56] Client2 подключен
[2023-09-15 18:54:56] Hello, World!
[2023-09-15 18:54:56] Client2 подключен
[2023-09-15 18:55:21] Client1 подключен
[2023-09-15 18:55:21] Client2 подключен
[2023-09-15 18:55:21] Hello, World!
[2023-09-15 18:55:21] Client2 подключен
[2023-09-15 18:55:28] Client1 подключен
[2023-09-15 18:55:28] Client2 подключен
[2023-09-15 18:55:28] Hello, World!
[2023-09-15 18:55:28] Client2 подключен
[2023-09-15 18:55:52] Client2 подключен
[2023-09-15 18:55:52] Client1 подключен
[2023-09-15 18:55:52] Hello, World!
[2023-09-15 18:55:53] Client2 подключен
[2023-09-15 18:56:09] Client1 подключен
[2023-09-15 18:56:09] Client2 подключен
[2023-09-15 18:56:09] Hello, World!
[2023-09-15 18:56:09]  подключен
[2023-09-15 18:56:23] Client1 подключен
[2023-09-15 18:56:23] Client2 подключен
[2023-09-15 18:56:23] Hello, World!
[2023-09-15 18:56:23]  подключен
[2023-09-15 18:56:42] Client1 подключен
[2023-09-15 18:56:42] Client2 подключен
[2023-09-15 18:56:42] Hello, World!
[2023-09-15 18:56:53] Client1 подключен
[2023-09-15 18:56:53] Client2 подключен
[2023-09-15 18:56:53] Hello, World!
[2023-09-15 18:56:53] Client1 отключен
[2023-09-15 18:56:53] Client2 отключен
[2023-09-15 18:57:05] Client1 подключен
[2023-09-15 18:57:05] Client2 подключен
[2023-09-15 18:57:05] Hello, World!
[2023-09-15 18:57:05] Client1 отключен
[2023-09-15 18:57:05] Client2 отключен
[2023-09-15 18:58:15] Client2 подключен
[2023-09-15 18:58:15] Client1 подключен
[2023-09-15 18:58:15] Hello, World!
[2023-09-15 18:58:38] Client1 подключен
[2023-09-15 18:58:38] Client2 подключен
[2023-09-15 18:58:38] Hello, World!
[2023-09-15 18:58:38] Client1 отключен
[2023-09-15 18:58:38] Client2 отключен
[2023-09-15 18:58:43] Client2 подключен
[2023-09-15 18:58:43] Client1 подключен
[2023-09-15 18:58:43] Hello, World!
[2023-09-15 18:59:00] Client1 подключен
[2023-09-15 18:59:00] Client2 подключен
[2023-09-15 18:59:01] Hello, World!
[2023-09-15 18:59:10] Client1 подключен
[2023-09-15 18:59:10] Client2 подключен
[2023-09-15 18:59:10] Hello, World!
[2023-09-15 18:59:19] Client2 подключен
[2023-09-15 18:59:19] Client1 подключен
[2023-09-15 18:59:19] Hello, World!
[2023-09-15 18:59:19] Client1 отключен
[2023-09-15 18:59:19] Client2 отключен
[2023-09-15 18:59:25] Client2 подключен
[2023-09-15 18:59:25] Client1 подключен
[2023-09-15 18:59:25] Hello, World!
[2023-09-15 18:59:25] Client1 отключен
[2023-09-15 18:59:25] Client2 отключен
[2023-09-15 18:59:30] Client1 подключен
[2023-09-15 18:59:30] Client2 подключен
[2023-09-15 18:59:30] Hello, World!
[2023-09-15 18:59:30] Client2 отключен
[2023-09-15 18:59:30] Client1 отключен
[2023-09-15 18:59:43] Client2 подключен
[2023-09-15 18:59:43] Client1 подключен
[2023-09-15 18:59:43] Hello, World!
[2023-09-15 18:59:43] Client2 отключен
[2023-09-15 18:59:43] Client1 отключен
[2023-09-15 18:59:55] Client2 подключен
[2023-09-15 18:59:55] Client1 подключен
[2023-09-15 18:59:55] Hello, World!
[2023-09-15 18:59:55] Client2 отключен
[2023-09-15 18:59:55] Client1 отключен
[2023-09-15 19:00:11] Client1 подключен
[2023-09-15 19:00:11] Client2 подключен
[2023-09-15 19:00:11] Hello, World!
[2023-09-15 19:00:11] Client2 отключен
[2023-09-15 19:00:11] Client1 отключен
[2023-09-15 19:00:13] TestClient подключен
[2023-09-15 19:00:13] TestClient отключен
[2023-09-15 19:36:02] TestClient подключен
[2023-09-15 19:36:02] TestClient отключен
[2023-09-15 19:36:15] TestClient подключен
[2023-09-15 19:36:15] TestClient отключен
[2023-09-15 19:36:21] TestClient подключен
[2023-09-15 19:36:21] TestClient отключен
[2023-09-15 19:41:01] TestClient подключен
[2023-09-15 19:41:01] TestClient отключен
[2023-09-15 19:42:01] TestClient подключен
[2023-09-15 19:42:01] TestClient отключен
[2023-09-15 19:43:11] TestClient подключен
[2023-09-15 19:43:11] TestClient отключен
[2023-09-15 19:43:26] Client1 подключен
[2023-09-15 19:43:26] Client2 подключен
[2023-09-15 19:43:26] Hello, World!
[2023-09-15 19:43:26] Client1 отключен
[2023-09-15 19:43:26] Client2 отключен
[2023-09-15 19:43:35] TestClient подключен
[2023-09-15 19:43:35] TestClient отключен
[2023-09-15 19:43:36] Client1 подключен
[2023-09-15 19:44:05] TestClient подключен
[2023-09-15 19:44:05] TestClient отключен
[2023-09-15 19:44:07] Client1 подключен
[2023-09-15 19:44:24] TestClient подключен
[2023-09-15 19:44:24] TestClient отключен
[2023-09-15 19:44:31] Client1 подключен
[2023-09-15 19:44:31] Client2 подключен
[2023-09-15 19:44:31] Hello, World!
[2023-09-15 19:44:31] Client2 отключен
[2023-09-15 19:44:31] Client1 отключен
[2023-09-15 19:45:05] TestClient подключен
[2023-09-15 19:45:05] TestClient отключен
[2023-09-15 19:45:07] Client1 подключен
[2023-09-15 19:45:22] TestClient подключен
[2023-09-15 19:45:22] TestClient отключен
[2023-09-15 19:45:24] Client1 подключен
[2023-09-15 19:45:24] Client1 отключен
[2023-09-15 19:46:08] Client1 подключен
[2023-09-15 19:46:08] Client2 подключен
[2023-09-15 19:46:08] Hello, World!
[2023-09-15 19:46:08] Client2 отключен
[2023-09-15 19:46:08] Client1 отключен
[2023-09-15 19:46:24] Client2 подключен
[2023-09-15 19:46:24] Client1 подключен
[2023-09-15 19:46:24] Hello, World!
[2023-09-15 19:46:48] Client2 подключен
[2023-09-15 19:46:48] Client1 подключен
[2023-09-15 19:46:48] Hello, World!
[2023-09-15 19:46:48] Client2 отключен
[2023-09-15 19:46:48] Client1 отключен
[2023-09-15 19:46:56] Client2 подключен
[2023-09-15 19:46:56] Client1 подключен
[2023-09-15 19:46:56] Hello, World!
[2023-09-15 19:46:56] Client2 отключен
[2023-09-15 19:46:56] Client1 отключен
[2023-09-15 19:47:04] Client2 подключен
[2023-09-15 19:47:04] Client1 подключен
[2023-09-15 19:47:04] Hello, World!
[2023-09-15 19:47:04] Client1 отключен
[2023-09-15 19:47:04] Client2 отключен
[2023-09-15 19:47:12] Client2 подключен
[2023-09-15 19:47:12] Client1 подключен
[2023-09-15 19:47:12] Hello, World!
[2023-09-15 19:47:12] Client1 отключен
[2023-09-15 19:47:12] Client2 отключен
[2023-09-15 19:47:33] Client2 подключен
[2023-09-15 19:47:33] Client1 подключен
[2023-09-15 19:47:33] Hello, World!
[2023-09-15 19:47:48] Client1 подключен
[2023-09-15 19:47:48] Client2 подключен
[2023-09-15 19:47:48] Hello, World!
[2023-09-15 19:47:54] Client2 подключен
[2023-09-15 19:47:54] Client1 подключен
[2023-09-15 19:47:54] Hello, World!
[2023-09-15 19:47:54] Client1 отключен
[2023-09-15 19:47:54] Client2 отключен
[2023-09-17 14:02:49] Client2 подключен
[2023-09-17 14:02:49] Client1 подключен
[2023-09-17 14:02:49] Hello, World!
[2023-09-17 14:02:49] Client1 отключен
[2023-09-17 14:02:49] Client2 отключен
[2023-09-17 14:48:36] Client1 подключен
[2023-09-17 14:48:36] Client2 подключен
[2023-09-17 14:48:36] Hello, World!
[2023-09-17 14:48:36] Client1 отключен
[2023-09-17 14:48:36] Client2 отключен
[2023-09-17 14:48:53] TestClient подключен
[2023-09-17 14:48:53] TestClient: Hello, Server!
[2023-09-17 14:50:03] TestClient подключен
[2023-09-17 14:50:23] TestClient подключен
[2023-09-17 14:51:02] TestClient подключен
[2023-09-17 14:52:27] TestClient подключен
[2023-09-17 14:52:45] TestClient подключен
[2023-09-17 14:53:09] TestClient подключен
[2023-09-17 14:53:25] TestClient подключен
[2023-09-17 14:53:37] TestClient подключен
[2023-09-17 14:54:27] Клиент подключен
[2023-09-17 14:54:27] Клиент отключен
[2023-09-17 14:58:58] Клиент подключен
[2023-09-17 14:58:58] Клиент отключен
[2023-09-17 14:59:50] Клиент подключен
[2023-09-17 15:01:13] Клиент подключен
[2023-09-17 15:01:13] Клиент отключен
[2023-09-17 15:02:14] Клиент подключен
[2023-09-17 15:02:14] Клиент отключен
[2023-09-17 15:02:41] Test подключен
[2023-09-17 15:02:54] Test: hello chat
[2023-09-17 15:03:05] Test отключен
[2023-09-17 15:04:05] Client2 подключен
[2023-09-17 15:04:05] Client1 подключен
[2023-09-17 15:04:05] Hello, World!
[2023-09-17 15:04:05] Client1 отключен
[2023-09-17 15:04:05] Client2 отключен
[2023-09-17 15:06:21] Client1 подключен
[2023-09-17 15:06:21] Client2 подключен
[2023-09-17 15:06:21] Hello, World!
[2023-09-17 15:06:21] Client1 отключен
[2023-09-17 15:06:21] Client2 отключен
[2023-09-17 15:07:04] Client1 подключен
[2023-09-17 15:07:04] Client2 подключен
[2023-09-17 15:07:04] Привет, чат
[2023-09-17 15:07:04] Client2 отключен
[2023-09-17 15:07:04] Client1 отключен
[2023-09-17 15:07:14] Client1 подключен
[2023-09-17 15:07:14] Client2 подключен
[2023-09-17 15:07:14] Привет, боты
[2023-09-17 15:07:21] Client2 подключен
[2023-09-17 15:07:21] Client1 подключен
[2023-09-17 15:07:21] Привет, боты
[2023-09-17 15:07:21] Client1 отключен
[2023-09-17 15:07:21] Client2 отключен
[2023-09-17 15:07:55] Бот подключен
[2023-09-17 15:07:55] Бот отключен
[2023-09-17 15:08:59] Бот подключен
[2023-09-17 15:08:59] Бот отключен
[2023-09-17 15:09:11] Бот подключен
[2023-09-17 15:09:22] Бот подключен
[2023-09-17 15:09:22] Бот отключен
[2023-09-17 15:09:53] Бот подключен
[2023-09-17 15:10:01] Бот подключен
[2023-09-17 15:10:01] Бот отключен
[2023-09-17 15:10:07] Бот подключен
[2023-09-17 15:10:07] Бот отключен
[2023-09-17 15:11:11] Бот подключен
[2023-09-17 15:11:11] Бот отключен
[2023-09-17 15:11:28] Бот подключен
[2023-09-17 15:11:28] Бот отключен
[2023-09-17 15:12:12] Бот подключен
[2023-09-17 15:18:46] Бот1 подключен
[2023-09-17 15:18:46] Бот2 подключен
[2023-09-17 15:18:46] Привет, боты
[2023-09-17 15:18:46] Бот2 отключен
[2023-09-17 15:18:46] Бот1 отключен
